2016-07-01 16:17:43,281 [Worker-156] INFO  o.e.m.c.i.l.LifecycleMappingFactory - Using org.eclipse.m2e.jdt.JarLifecycleMapping lifecycle mapping for MavenProject: SpringProject:SpringProject:0.0.1-SNAPSHOT @ C:\Users\chkiran\Google Drive\Acad Gild\Corporate\NewGen Content\WorsSpace\SpringProject\pom.xml.
2016-07-01 16:17:48,499 [Worker-148] WARN  o.e.m.c.i.embedder.EclipseLogger - Using platform encoding (Cp1252 actually) to copy filtered resources, i.e. build is platform dependent!
2016-07-01 16:17:48,502 [Worker-148] INFO  o.e.m.c.i.embedder.EclipseLogger - skip non existing resourceDirectory C:\Users\chkiran\Google Drive\Acad Gild\Corporate\NewGen Content\WorsSpace\SpringProject\src\main\resources
2016-07-01 16:17:48,505 [Worker-148] WARN  o.e.m.c.i.embedder.EclipseLogger - Using platform encoding (Cp1252 actually) to copy filtered resources, i.e. build is platform dependent!
2016-07-01 16:17:48,507 [Worker-148] INFO  o.e.m.c.i.embedder.EclipseLogger - skip non existing resourceDirectory C:\Users\chkiran\Google Drive\Acad Gild\Corporate\NewGen Content\WorsSpace\SpringProject\src\test\resources
2016-07-01 16:17:48,550 [Worker-156] INFO  o.e.m.j.i.AbstractJavaProjectConfigurator - Adding source folder /SpringProject/src
2016-07-01 16:17:48,552 [Worker-156] INFO  o.e.m.j.i.AbstractJavaProjectConfigurator - Not adding source folder /SpringProject/src/test/java because it overlaps with /SpringProject/src
2016-07-01 16:17:49,007 [Worker-156] INFO  o.e.m.c.i.p.ProjectConfigurationManager - Update started
2016-07-01 16:17:51,867 [Worker-156] INFO  o.e.m.c.i.l.LifecycleMappingFactory - Using org.eclipse.m2e.jdt.JarLifecycleMapping lifecycle mapping for MavenProject: SpringProject:SpringProject:0.0.1-SNAPSHOT @ C:\Users\chkiran\Google Drive\Acad Gild\Corporate\NewGen Content\WorsSpace\SpringProject\pom.xml.
2016-07-01 16:17:53,457 [Worker-155] WARN  o.e.m.c.i.embedder.EclipseLogger - Using platform encoding (Cp1252 actually) to copy filtered resources, i.e. build is platform dependent!
2016-07-01 16:17:53,462 [Worker-155] INFO  o.e.m.c.i.embedder.EclipseLogger - skip non existing resourceDirectory C:\Users\chkiran\Google Drive\Acad Gild\Corporate\NewGen Content\WorsSpace\SpringProject\src\main\resources
2016-07-01 16:17:53,467 [Worker-155] WARN  o.e.m.c.i.embedder.EclipseLogger - Using platform encoding (Cp1252 actually) to copy filtered resources, i.e. build is platform dependent!
2016-07-01 16:17:53,469 [Worker-155] INFO  o.e.m.c.i.embedder.EclipseLogger - skip non existing resourceDirectory C:\Users\chkiran\Google Drive\Acad Gild\Corporate\NewGen Content\WorsSpace\SpringProject\src\test\resources
2016-07-01 16:17:54,730 [Worker-156] INFO  o.e.m.j.i.AbstractJavaProjectConfigurator - Adding source folder /SpringProject/src
2016-07-01 16:17:54,731 [Worker-156] INFO  o.e.m.j.i.AbstractJavaProjectConfigurator - Not adding source folder /SpringProject/src/test/java because it overlaps with /SpringProject/src
2016-07-01 16:17:54,885 [Worker-156] INFO  o.e.m.c.i.p.ProjectConfigurationManager - Update completed: 5 sec
2016-07-01 16:17:55,801 [Worker-148] WARN  o.e.m.c.i.embedder.EclipseLogger - Using platform encoding (Cp1252 actually) to copy filtered resources, i.e. build is platform dependent!
2016-07-01 16:17:55,803 [Worker-148] INFO  o.e.m.c.i.embedder.EclipseLogger - skip non existing resourceDirectory C:\Users\chkiran\Google Drive\Acad Gild\Corporate\NewGen Content\WorsSpace\SpringProject\src\main\resources
2016-07-01 16:17:55,826 [Worker-148] WARN  o.e.m.c.i.embedder.EclipseLogger - Using platform encoding (Cp1252 actually) to copy filtered resources, i.e. build is platform dependent!
2016-07-01 16:17:55,839 [Worker-148] INFO  o.e.m.c.i.embedder.EclipseLogger - skip non existing resourceDirectory C:\Users\chkiran\Google Drive\Acad Gild\Corporate\NewGen Content\WorsSpace\SpringProject\src\test\resources
2016-07-01 16:17:59,569 [Worker-159] INFO  o.e.m.c.i.l.LifecycleMappingFactory - Using org.eclipse.m2e.jdt.JarLifecycleMapping lifecycle mapping for MavenProject: SpringProject:SpringProject:0.0.1-SNAPSHOT @ C:\Users\chkiran\Google Drive\Acad Gild\Corporate\NewGen Content\WorsSpace\SpringProject\pom.xml.
2016-07-01 16:18:00,535 [Worker-159] WARN  o.e.m.c.i.embedder.EclipseLogger - Using platform encoding (Cp1252 actually) to copy filtered resources, i.e. build is platform dependent!
2016-07-01 16:18:00,541 [Worker-159] INFO  o.e.m.c.i.embedder.EclipseLogger - skip non existing resourceDirectory C:\Users\chkiran\Google Drive\Acad Gild\Corporate\NewGen Content\WorsSpace\SpringProject\src\main\resources
2016-07-01 16:18:00,555 [Worker-159] WARN  o.e.m.c.i.embedder.EclipseLogger - Using platform encoding (Cp1252 actually) to copy filtered resources, i.e. build is platform dependent!
2016-07-01 16:18:00,563 [Worker-159] INFO  o.e.m.c.i.embedder.EclipseLogger - skip non existing resourceDirectory C:\Users\chkiran\Google Drive\Acad Gild\Corporate\NewGen Content\WorsSpace\SpringProject\src\test\resources
2016-07-01 16:18:07,364 [Worker-157] INFO  o.e.m.c.i.e.AbstractTransferListenerAdapter - Downloading https://repo.maven.apache.org/maven2/org/springframework/spring-context/4.3.0.RELEASE/spring-context-4.3.0.RELEASE.pom
2016-07-01 16:18:07,734 [Worker-157] INFO  o.e.m.c.i.e.AbstractTransferListenerAdapter - Downloaded https://repo.maven.apache.org/maven2/org/springframework/spring-context/4.3.0.RELEASE/spring-context-4.3.0.RELEASE.pom
2016-07-01 16:18:07,840 [Worker-159] INFO  o.e.m.c.i.l.LifecycleMappingFactory - Using org.eclipse.m2e.jdt.JarLifecycleMapping lifecycle mapping for MavenProject: SpringProject:SpringProject:0.0.1-SNAPSHOT @ C:\Users\chkiran\Google Drive\Acad Gild\Corporate\NewGen Content\WorsSpace\SpringProject\pom.xml.
2016-07-01 16:18:08,086 [Worker-157] INFO  o.e.m.c.i.e.AbstractTransferListenerAdapter - Downloading https://repo.maven.apache.org/maven2/org/springframework/spring-aop/4.3.0.RELEASE/spring-aop-4.3.0.RELEASE.pom
2016-07-01 16:18:08,427 [Worker-157] INFO  o.e.m.c.i.e.AbstractTransferListenerAdapter - Downloaded https://repo.maven.apache.org/maven2/org/springframework/spring-aop/4.3.0.RELEASE/spring-aop-4.3.0.RELEASE.pom
2016-07-01 16:18:08,750 [Worker-157] INFO  o.e.m.c.i.e.AbstractTransferListenerAdapter - Downloading https://repo.maven.apache.org/maven2/org/springframework/spring-beans/4.3.0.RELEASE/spring-beans-4.3.0.RELEASE.pom
2016-07-01 16:18:09,100 [Worker-157] INFO  o.e.m.c.i.e.AbstractTransferListenerAdapter - Downloaded https://repo.maven.apache.org/maven2/org/springframework/spring-beans/4.3.0.RELEASE/spring-beans-4.3.0.RELEASE.pom
2016-07-01 16:18:09,486 [Worker-157] INFO  o.e.m.c.i.e.AbstractTransferListenerAdapter - Downloading https://repo.maven.apache.org/maven2/org/springframework/spring-core/4.3.0.RELEASE/spring-core-4.3.0.RELEASE.pom
2016-07-01 16:18:09,815 [Worker-157] INFO  o.e.m.c.i.e.AbstractTransferListenerAdapter - Downloaded https://repo.maven.apache.org/maven2/org/springframework/spring-core/4.3.0.RELEASE/spring-core-4.3.0.RELEASE.pom
2016-07-01 16:18:10,134 [Worker-157] INFO  o.e.m.c.i.e.AbstractTransferListenerAdapter - Downloading https://repo.maven.apache.org/maven2/commons-logging/commons-logging/1.2/commons-logging-1.2.pom
2016-07-01 16:18:10,792 [Worker-157] INFO  o.e.m.c.i.e.AbstractTransferListenerAdapter - Downloaded https://repo.maven.apache.org/maven2/commons-logging/commons-logging/1.2/commons-logging-1.2.pom
2016-07-01 16:18:11,139 [Worker-157] INFO  o.e.m.c.i.e.AbstractTransferListenerAdapter - Downloading https://repo.maven.apache.org/maven2/org/apache/commons/commons-parent/34/commons-parent-34.pom
2016-07-01 16:18:11,758 [Worker-157] INFO  o.e.m.c.i.e.AbstractTransferListenerAdapter - Downloaded https://repo.maven.apache.org/maven2/org/apache/commons/commons-parent/34/commons-parent-34.pom
2016-07-01 16:18:12,096 [Worker-157] INFO  o.e.m.c.i.e.AbstractTransferListenerAdapter - Downloading https://repo.maven.apache.org/maven2/org/springframework/spring-expression/4.3.0.RELEASE/spring-expression-4.3.0.RELEASE.pom
2016-07-01 16:18:12,441 [Worker-157] INFO  o.e.m.c.i.e.AbstractTransferListenerAdapter - Downloaded https://repo.maven.apache.org/maven2/org/springframework/spring-expression/4.3.0.RELEASE/spring-expression-4.3.0.RELEASE.pom
2016-07-01 16:18:12,778 [Worker-157] INFO  o.e.m.c.i.e.AbstractTransferListenerAdapter - Downloading https://repo.maven.apache.org/maven2/org/springframework/spring-context/4.3.0.RELEASE/spring-context-4.3.0.RELEASE.jar
2016-07-01 16:18:15,146 [Worker-157] INFO  o.e.m.c.i.e.AbstractTransferListenerAdapter - Downloaded https://repo.maven.apache.org/maven2/org/springframework/spring-context/4.3.0.RELEASE/spring-context-4.3.0.RELEASE.jar
2016-07-01 16:18:15,470 [Worker-157] INFO  o.e.m.c.i.e.AbstractTransferListenerAdapter - Downloading https://repo.maven.apache.org/maven2/org/springframework/spring-aop/4.3.0.RELEASE/spring-aop-4.3.0.RELEASE.jar
2016-07-01 16:18:16,799 [Worker-157] INFO  o.e.m.c.i.e.AbstractTransferListenerAdapter - Downloaded https://repo.maven.apache.org/maven2/org/springframework/spring-aop/4.3.0.RELEASE/spring-aop-4.3.0.RELEASE.jar
2016-07-01 16:18:17,105 [Worker-157] INFO  o.e.m.c.i.e.AbstractTransferListenerAdapter - Downloading https://repo.maven.apache.org/maven2/org/springframework/spring-beans/4.3.0.RELEASE/spring-beans-4.3.0.RELEASE.jar
2016-07-01 16:18:21,397 [Worker-157] INFO  o.e.m.c.i.e.AbstractTransferListenerAdapter - Downloaded https://repo.maven.apache.org/maven2/org/springframework/spring-beans/4.3.0.RELEASE/spring-beans-4.3.0.RELEASE.jar
2016-07-01 16:18:21,700 [Worker-157] INFO  o.e.m.c.i.e.AbstractTransferListenerAdapter - Downloading https://repo.maven.apache.org/maven2/org/springframework/spring-core/4.3.0.RELEASE/spring-core-4.3.0.RELEASE.jar
2016-07-01 16:18:33,063 [Worker-157] INFO  o.e.m.c.i.e.AbstractTransferListenerAdapter - Downloaded https://repo.maven.apache.org/maven2/org/springframework/spring-core/4.3.0.RELEASE/spring-core-4.3.0.RELEASE.jar
2016-07-01 16:18:33,369 [Worker-157] INFO  o.e.m.c.i.e.AbstractTransferListenerAdapter - Downloading https://repo.maven.apache.org/maven2/commons-logging/commons-logging/1.2/commons-logging-1.2.jar
2016-07-01 16:18:34,681 [Worker-157] INFO  o.e.m.c.i.e.AbstractTransferListenerAdapter - Downloaded https://repo.maven.apache.org/maven2/commons-logging/commons-logging/1.2/commons-logging-1.2.jar
2016-07-01 16:18:35,289 [Worker-157] INFO  o.e.m.c.i.e.AbstractTransferListenerAdapter - Downloading https://repo.maven.apache.org/maven2/org/springframework/spring-expression/4.3.0.RELEASE/spring-expression-4.3.0.RELEASE.jar
2016-07-01 16:18:39,596 [Worker-157] INFO  o.e.m.c.i.e.AbstractTransferListenerAdapter - Downloaded https://repo.maven.apache.org/maven2/org/springframework/spring-expression/4.3.0.RELEASE/spring-expression-4.3.0.RELEASE.jar
2016-07-01 16:18:41,855 [Worker-159] WARN  o.e.m.c.i.embedder.EclipseLogger - Using platform encoding (Cp1252 actually) to copy filtered resources, i.e. build is platform dependent!
2016-07-01 16:18:41,859 [Worker-159] INFO  o.e.m.c.i.embedder.EclipseLogger - skip non existing resourceDirectory C:\Users\chkiran\Google Drive\Acad Gild\Corporate\NewGen Content\WorsSpace\SpringProject\src\main\resources
2016-07-01 16:18:41,871 [Worker-159] WARN  o.e.m.c.i.embedder.EclipseLogger - Using platform encoding (Cp1252 actually) to copy filtered resources, i.e. build is platform dependent!
2016-07-01 16:18:41,874 [Worker-159] INFO  o.e.m.c.i.embedder.EclipseLogger - skip non existing resourceDirectory C:\Users\chkiran\Google Drive\Acad Gild\Corporate\NewGen Content\WorsSpace\SpringProject\src\test\resources
2016-07-01 16:18:44,826 [Worker-154] WARN  o.e.m.c.i.embedder.EclipseLogger - Using platform encoding (Cp1252 actually) to copy filtered resources, i.e. build is platform dependent!
2016-07-01 16:18:44,828 [Worker-154] INFO  o.e.m.c.i.embedder.EclipseLogger - skip non existing resourceDirectory C:\Users\chkiran\Google Drive\Acad Gild\Corporate\NewGen Content\WorsSpace\SpringProject\src\main\resources
2016-07-01 16:18:44,829 [Worker-154] WARN  o.e.m.c.i.embedder.EclipseLogger - Using platform encoding (Cp1252 actually) to copy filtered resources, i.e. build is platform dependent!
2016-07-01 16:18:44,831 [Worker-154] INFO  o.e.m.c.i.embedder.EclipseLogger - skip non existing resourceDirectory C:\Users\chkiran\Google Drive\Acad Gild\Corporate\NewGen Content\WorsSpace\SpringProject\src\test\resources
2016-07-01 16:18:45,166 [main] INFO  o.e.m2e.actions.ExecutePomAction - Creating new launch configuration
2016-07-01 16:18:53,581 [Worker-159] INFO  o.e.m.i.launch.MavenLaunchDelegate - C:\Users\chkiran\Google Drive\Acad Gild\Corporate\NewGen Content\WorsSpace\SpringProject
2016-07-01 16:18:53,582 [Worker-159] INFO  o.e.m.i.launch.MavenLaunchDelegate -  mvn  -B install
2016-07-01 16:20:17,497 [Worker-156] INFO  o.e.m.c.i.l.LifecycleMappingFactory - Using org.eclipse.m2e.jdt.JarLifecycleMapping lifecycle mapping for MavenProject: SpringProject:SpringProject:0.0.1-SNAPSHOT @ C:\Users\chkiran\Google Drive\Acad Gild\Corporate\NewGen Content\WorsSpace\SpringProject\pom.xml.
2016-07-01 16:20:18,822 [Worker-156] WARN  o.e.m.c.i.embedder.EclipseLogger - Using platform encoding (Cp1252 actually) to copy filtered resources, i.e. build is platform dependent!
2016-07-01 16:20:18,823 [Worker-156] INFO  o.e.m.c.i.embedder.EclipseLogger - skip non existing resourceDirectory C:\Users\chkiran\Google Drive\Acad Gild\Corporate\NewGen Content\WorsSpace\SpringProject\src\main\resources
2016-07-01 16:20:18,825 [Worker-156] WARN  o.e.m.c.i.embedder.EclipseLogger - Using platform encoding (Cp1252 actually) to copy filtered resources, i.e. build is platform dependent!
2016-07-01 16:20:18,826 [Worker-156] INFO  o.e.m.c.i.embedder.EclipseLogger - skip non existing resourceDirectory C:\Users\chkiran\Google Drive\Acad Gild\Corporate\NewGen Content\WorsSpace\SpringProject\src\test\resources
2016-07-01 16:20:21,850 [Worker-157] INFO  o.e.m.i.launch.MavenLaunchDelegate - C:\Users\chkiran\Google Drive\Acad Gild\Corporate\NewGen Content\WorsSpace\SpringProject
2016-07-01 16:20:21,851 [Worker-157] INFO  o.e.m.i.launch.MavenLaunchDelegate -  mvn  -B install
2016-07-01 16:21:20,003 [Worker-157] WARN  o.e.m.c.i.embedder.EclipseLogger - Using platform encoding (Cp1252 actually) to copy filtered resources, i.e. build is platform dependent!
2016-07-01 16:21:20,006 [Worker-157] INFO  o.e.m.c.i.embedder.EclipseLogger - skip non existing resourceDirectory C:\Users\chkiran\Google Drive\Acad Gild\Corporate\NewGen Content\WorsSpace\SpringProject\src\main\resources
2016-07-01 16:21:20,011 [Worker-157] WARN  o.e.m.c.i.embedder.EclipseLogger - Using platform encoding (Cp1252 actually) to copy filtered resources, i.e. build is platform dependent!
2016-07-01 16:21:20,015 [Worker-157] INFO  o.e.m.c.i.embedder.EclipseLogger - skip non existing resourceDirectory C:\Users\chkiran\Google Drive\Acad Gild\Corporate\NewGen Content\WorsSpace\SpringProject\src\test\resources
2016-07-01 16:21:30,015 [Worker-157] WARN  o.e.m.c.i.embedder.EclipseLogger - Using platform encoding (Cp1252 actually) to copy filtered resources, i.e. build is platform dependent!
2016-07-01 16:21:30,018 [Worker-157] INFO  o.e.m.c.i.embedder.EclipseLogger - skip non existing resourceDirectory C:\Users\chkiran\Google Drive\Acad Gild\Corporate\NewGen Content\WorsSpace\SpringProject\src\main\resources
2016-07-01 16:21:30,026 [Worker-157] WARN  o.e.m.c.i.embedder.EclipseLogger - Using platform encoding (Cp1252 actually) to copy filtered resources, i.e. build is platform dependent!
2016-07-01 16:21:30,029 [Worker-157] INFO  o.e.m.c.i.embedder.EclipseLogger - skip non existing resourceDirectory C:\Users\chkiran\Google Drive\Acad Gild\Corporate\NewGen Content\WorsSpace\SpringProject\src\test\resources
2016-07-01 16:21:47,540 [Worker-148] WARN  o.e.m.c.i.embedder.EclipseLogger - Using platform encoding (Cp1252 actually) to copy filtered resources, i.e. build is platform dependent!
2016-07-01 16:21:47,549 [Worker-148] INFO  o.e.m.c.i.embedder.EclipseLogger - skip non existing resourceDirectory C:\Users\chkiran\Google Drive\Acad Gild\Corporate\NewGen Content\WorsSpace\SpringProject\src\main\resources
2016-07-01 16:21:47,557 [Worker-148] WARN  o.e.m.c.i.embedder.EclipseLogger - Using platform encoding (Cp1252 actually) to copy filtered resources, i.e. build is platform dependent!
2016-07-01 16:21:47,563 [Worker-148] INFO  o.e.m.c.i.embedder.EclipseLogger - skip non existing resourceDirectory C:\Users\chkiran\Google Drive\Acad Gild\Corporate\NewGen Content\WorsSpace\SpringProject\src\test\resources
2016-07-01 16:21:58,641 [Worker-156] WARN  o.e.m.c.i.embedder.EclipseLogger - Using platform encoding (Cp1252 actually) to copy filtered resources, i.e. build is platform dependent!
2016-07-01 16:21:58,645 [Worker-156] INFO  o.e.m.c.i.embedder.EclipseLogger - skip non existing resourceDirectory C:\Users\chkiran\Google Drive\Acad Gild\Corporate\NewGen Content\WorsSpace\SpringProject\src\main\resources
2016-07-01 16:21:58,650 [Worker-156] WARN  o.e.m.c.i.embedder.EclipseLogger - Using platform encoding (Cp1252 actually) to copy filtered resources, i.e. build is platform dependent!
2016-07-01 16:21:58,653 [Worker-156] INFO  o.e.m.c.i.embedder.EclipseLogger - skip non existing resourceDirectory C:\Users\chkiran\Google Drive\Acad Gild\Corporate\NewGen Content\WorsSpace\SpringProject\src\test\resources
2016-07-01 16:22:14,795 [Worker-157] WARN  o.e.m.c.i.embedder.EclipseLogger - Using platform encoding (Cp1252 actually) to copy filtered resources, i.e. build is platform dependent!
2016-07-01 16:22:14,797 [Worker-157] INFO  o.e.m.c.i.embedder.EclipseLogger - skip non existing resourceDirectory C:\Users\chkiran\Google Drive\Acad Gild\Corporate\NewGen Content\WorsSpace\SpringProject\src\main\resources
2016-07-01 16:22:14,800 [Worker-157] WARN  o.e.m.c.i.embedder.EclipseLogger - Using platform encoding (Cp1252 actually) to copy filtered resources, i.e. build is platform dependent!
2016-07-01 16:22:14,803 [Worker-157] INFO  o.e.m.c.i.embedder.EclipseLogger - skip non existing resourceDirectory C:\Users\chkiran\Google Drive\Acad Gild\Corporate\NewGen Content\WorsSpace\SpringProject\src\test\resources
2016-07-01 16:22:33,887 [Worker-154] WARN  o.e.m.c.i.embedder.EclipseLogger - Using platform encoding (Cp1252 actually) to copy filtered resources, i.e. build is platform dependent!
2016-07-01 16:22:33,891 [Worker-154] INFO  o.e.m.c.i.embedder.EclipseLogger - skip non existing resourceDirectory C:\Users\chkiran\Google Drive\Acad Gild\Corporate\NewGen Content\WorsSpace\SpringProject\src\main\resources
2016-07-01 16:22:33,896 [Worker-154] WARN  o.e.m.c.i.embedder.EclipseLogger - Using platform encoding (Cp1252 actually) to copy filtered resources, i.e. build is platform dependent!
2016-07-01 16:22:33,900 [Worker-154] INFO  o.e.m.c.i.embedder.EclipseLogger - skip non existing resourceDirectory C:\Users\chkiran\Google Drive\Acad Gild\Corporate\NewGen Content\WorsSpace\SpringProject\src\test\resources
2016-07-01 16:22:38,428 [Worker-158] WARN  o.e.m.c.i.embedder.EclipseLogger - Using platform encoding (Cp1252 actually) to copy filtered resources, i.e. build is platform dependent!
2016-07-01 16:22:38,436 [Worker-158] INFO  o.e.m.c.i.embedder.EclipseLogger - skip non existing resourceDirectory C:\Users\chkiran\Google Drive\Acad Gild\Corporate\NewGen Content\WorsSpace\SpringProject\src\main\resources
2016-07-01 16:22:38,455 [Worker-158] WARN  o.e.m.c.i.embedder.EclipseLogger - Using platform encoding (Cp1252 actually) to copy filtered resources, i.e. build is platform dependent!
2016-07-01 16:22:38,460 [Worker-158] INFO  o.e.m.c.i.embedder.EclipseLogger - skip non existing resourceDirectory C:\Users\chkiran\Google Drive\Acad Gild\Corporate\NewGen Content\WorsSpace\SpringProject\src\test\resources
2016-07-01 16:23:08,127 [Worker-160] WARN  o.e.m.c.i.embedder.EclipseLogger - Using platform encoding (Cp1252 actually) to copy filtered resources, i.e. build is platform dependent!
2016-07-01 16:23:08,134 [Worker-160] INFO  o.e.m.c.i.embedder.EclipseLogger - skip non existing resourceDirectory C:\Users\chkiran\Google Drive\Acad Gild\Corporate\NewGen Content\WorsSpace\SpringProject\src\main\resources
2016-07-01 16:23:08,139 [Worker-160] WARN  o.e.m.c.i.embedder.EclipseLogger - Using platform encoding (Cp1252 actually) to copy filtered resources, i.e. build is platform dependent!
2016-07-01 16:23:08,141 [Worker-160] INFO  o.e.m.c.i.embedder.EclipseLogger - skip non existing resourceDirectory C:\Users\chkiran\Google Drive\Acad Gild\Corporate\NewGen Content\WorsSpace\SpringProject\src\test\resources
2016-07-01 16:23:09,423 [Worker-157] WARN  o.e.m.c.i.embedder.EclipseLogger - Using platform encoding (Cp1252 actually) to copy filtered resources, i.e. build is platform dependent!
2016-07-01 16:23:09,424 [Worker-157] INFO  o.e.m.c.i.embedder.EclipseLogger - skip non existing resourceDirectory C:\Users\chkiran\Google Drive\Acad Gild\Corporate\NewGen Content\WorsSpace\SpringProject\src\main\resources
2016-07-01 16:23:09,426 [Worker-157] WARN  o.e.m.c.i.embedder.EclipseLogger - Using platform encoding (Cp1252 actually) to copy filtered resources, i.e. build is platform dependent!
2016-07-01 16:23:09,428 [Worker-157] INFO  o.e.m.c.i.embedder.EclipseLogger - skip non existing resourceDirectory C:\Users\chkiran\Google Drive\Acad Gild\Corporate\NewGen Content\WorsSpace\SpringProject\src\test\resources
2016-07-01 16:23:48,045 [Worker-160] WARN  o.e.m.c.i.embedder.EclipseLogger - Using platform encoding (Cp1252 actually) to copy filtered resources, i.e. build is platform dependent!
2016-07-01 16:23:48,047 [Worker-160] INFO  o.e.m.c.i.embedder.EclipseLogger - skip non existing resourceDirectory C:\Users\chkiran\Google Drive\Acad Gild\Corporate\NewGen Content\WorsSpace\SpringProject\src\main\resources
2016-07-01 16:23:48,049 [Worker-160] WARN  o.e.m.c.i.embedder.EclipseLogger - Using platform encoding (Cp1252 actually) to copy filtered resources, i.e. build is platform dependent!
2016-07-01 16:23:48,052 [Worker-160] INFO  o.e.m.c.i.embedder.EclipseLogger - skip non existing resourceDirectory C:\Users\chkiran\Google Drive\Acad Gild\Corporate\NewGen Content\WorsSpace\SpringProject\src\test\resources
2016-07-01 16:23:54,201 [Worker-156] WARN  o.e.m.c.i.embedder.EclipseLogger - Using platform encoding (Cp1252 actually) to copy filtered resources, i.e. build is platform dependent!
2016-07-01 16:23:54,202 [Worker-156] INFO  o.e.m.c.i.embedder.EclipseLogger - skip non existing resourceDirectory C:\Users\chkiran\Google Drive\Acad Gild\Corporate\NewGen Content\WorsSpace\SpringProject\src\main\resources
2016-07-01 16:23:54,204 [Worker-156] WARN  o.e.m.c.i.embedder.EclipseLogger - Using platform encoding (Cp1252 actually) to copy filtered resources, i.e. build is platform dependent!
2016-07-01 16:23:54,205 [Worker-156] INFO  o.e.m.c.i.embedder.EclipseLogger - skip non existing resourceDirectory C:\Users\chkiran\Google Drive\Acad Gild\Corporate\NewGen Content\WorsSpace\SpringProject\src\test\resources
2016-07-01 16:23:56,521 [Worker-148] WARN  o.e.m.c.i.embedder.EclipseLogger - Using platform encoding (Cp1252 actually) to copy filtered resources, i.e. build is platform dependent!
2016-07-01 16:23:56,523 [Worker-148] INFO  o.e.m.c.i.embedder.EclipseLogger - skip non existing resourceDirectory C:\Users\chkiran\Google Drive\Acad Gild\Corporate\NewGen Content\WorsSpace\SpringProject\src\main\resources
2016-07-01 16:23:56,524 [Worker-148] WARN  o.e.m.c.i.embedder.EclipseLogger - Using platform encoding (Cp1252 actually) to copy filtered resources, i.e. build is platform dependent!
2016-07-01 16:23:56,526 [Worker-148] INFO  o.e.m.c.i.embedder.EclipseLogger - skip non existing resourceDirectory C:\Users\chkiran\Google Drive\Acad Gild\Corporate\NewGen Content\WorsSpace\SpringProject\src\test\resources
2016-07-01 16:25:32,524 [Worker-157] WARN  o.e.m.c.i.embedder.EclipseLogger - Using platform encoding (Cp1252 actually) to copy filtered resources, i.e. build is platform dependent!
2016-07-01 16:25:32,527 [Worker-157] INFO  o.e.m.c.i.embedder.EclipseLogger - skip non existing resourceDirectory C:\Users\chkiran\Google Drive\Acad Gild\Corporate\NewGen Content\WorsSpace\SpringProject\src\main\resources
2016-07-01 16:25:32,532 [Worker-157] WARN  o.e.m.c.i.embedder.EclipseLogger - Using platform encoding (Cp1252 actually) to copy filtered resources, i.e. build is platform dependent!
2016-07-01 16:25:32,535 [Worker-157] INFO  o.e.m.c.i.embedder.EclipseLogger - skip non existing resourceDirectory C:\Users\chkiran\Google Drive\Acad Gild\Corporate\NewGen Content\WorsSpace\SpringProject\src\test\resources
2016-07-01 16:27:02,543 [Worker-163] WARN  o.e.m.c.i.embedder.EclipseLogger - Using platform encoding (Cp1252 actually) to copy filtered resources, i.e. build is platform dependent!
2016-07-01 16:27:02,544 [Worker-163] INFO  o.e.m.c.i.embedder.EclipseLogger - skip non existing resourceDirectory C:\Users\chkiran\Google Drive\Acad Gild\Corporate\NewGen Content\WorsSpace\SpringProject\src\main\resources
2016-07-01 16:27:02,547 [Worker-163] WARN  o.e.m.c.i.embedder.EclipseLogger - Using platform encoding (Cp1252 actually) to copy filtered resources, i.e. build is platform dependent!
2016-07-01 16:27:02,552 [Worker-163] INFO  o.e.m.c.i.embedder.EclipseLogger - skip non existing resourceDirectory C:\Users\chkiran\Google Drive\Acad Gild\Corporate\NewGen Content\WorsSpace\SpringProject\src\test\resources
2016-07-01 16:27:04,317 [Worker-163] WARN  o.e.m.c.i.embedder.EclipseLogger - Using platform encoding (Cp1252 actually) to copy filtered resources, i.e. build is platform dependent!
2016-07-01 16:27:04,319 [Worker-163] INFO  o.e.m.c.i.embedder.EclipseLogger - skip non existing resourceDirectory C:\Users\chkiran\Google Drive\Acad Gild\Corporate\NewGen Content\WorsSpace\SpringProject\src\main\resources
2016-07-01 16:27:04,323 [Worker-163] WARN  o.e.m.c.i.embedder.EclipseLogger - Using platform encoding (Cp1252 actually) to copy filtered resources, i.e. build is platform dependent!
2016-07-01 16:27:04,326 [Worker-163] INFO  o.e.m.c.i.embedder.EclipseLogger - skip non existing resourceDirectory C:\Users\chkiran\Google Drive\Acad Gild\Corporate\NewGen Content\WorsSpace\SpringProject\src\test\resources
2016-07-01 16:27:12,355 [Worker-162] WARN  o.e.m.c.i.embedder.EclipseLogger - Using platform encoding (Cp1252 actually) to copy filtered resources, i.e. build is platform dependent!
2016-07-01 16:27:12,357 [Worker-162] INFO  o.e.m.c.i.embedder.EclipseLogger - skip non existing resourceDirectory C:\Users\chkiran\Google Drive\Acad Gild\Corporate\NewGen Content\WorsSpace\SpringProject\src\main\resources
2016-07-01 16:27:12,362 [Worker-162] WARN  o.e.m.c.i.embedder.EclipseLogger - Using platform encoding (Cp1252 actually) to copy filtered resources, i.e. build is platform dependent!
2016-07-01 16:27:12,364 [Worker-162] INFO  o.e.m.c.i.embedder.EclipseLogger - skip non existing resourceDirectory C:\Users\chkiran\Google Drive\Acad Gild\Corporate\NewGen Content\WorsSpace\SpringProject\src\test\resources
2016-07-01 16:27:42,304 [Worker-157] WARN  o.e.m.c.i.embedder.EclipseLogger - Using platform encoding (Cp1252 actually) to copy filtered resources, i.e. build is platform dependent!
2016-07-01 16:27:42,307 [Worker-157] INFO  o.e.m.c.i.embedder.EclipseLogger - skip non existing resourceDirectory C:\Users\chkiran\Google Drive\Acad Gild\Corporate\NewGen Content\WorsSpace\SpringProject\src\main\resources
2016-07-01 16:27:42,310 [Worker-157] WARN  o.e.m.c.i.embedder.EclipseLogger - Using platform encoding (Cp1252 actually) to copy filtered resources, i.e. build is platform dependent!
2016-07-01 16:27:42,312 [Worker-157] INFO  o.e.m.c.i.embedder.EclipseLogger - skip non existing resourceDirectory C:\Users\chkiran\Google Drive\Acad Gild\Corporate\NewGen Content\WorsSpace\SpringProject\src\test\resources
2016-07-01 16:28:18,033 [Worker-157] WARN  o.e.m.c.i.embedder.EclipseLogger - Using platform encoding (Cp1252 actually) to copy filtered resources, i.e. build is platform dependent!
2016-07-01 16:28:18,034 [Worker-157] INFO  o.e.m.c.i.embedder.EclipseLogger - skip non existing resourceDirectory C:\Users\chkiran\Google Drive\Acad Gild\Corporate\NewGen Content\WorsSpace\SpringProject\src\main\resources
2016-07-01 16:28:18,041 [Worker-157] WARN  o.e.m.c.i.embedder.EclipseLogger - Using platform encoding (Cp1252 actually) to copy filtered resources, i.e. build is platform dependent!
2016-07-01 16:28:18,049 [Worker-157] INFO  o.e.m.c.i.embedder.EclipseLogger - skip non existing resourceDirectory C:\Users\chkiran\Google Drive\Acad Gild\Corporate\NewGen Content\WorsSpace\SpringProject\src\test\resources
2016-07-01 16:31:32,652 [Worker-167] WARN  o.e.m.c.i.embedder.EclipseLogger - Using platform encoding (Cp1252 actually) to copy filtered resources, i.e. build is platform dependent!
2016-07-01 16:31:32,657 [Worker-167] INFO  o.e.m.c.i.embedder.EclipseLogger - skip non existing resourceDirectory C:\Users\chkiran\Google Drive\Acad Gild\Corporate\NewGen Content\WorsSpace\SpringProject\src\main\resources
2016-07-01 16:31:32,667 [Worker-167] WARN  o.e.m.c.i.embedder.EclipseLogger - Using platform encoding (Cp1252 actually) to copy filtered resources, i.e. build is platform dependent!
2016-07-01 16:31:32,669 [Worker-167] INFO  o.e.m.c.i.embedder.EclipseLogger - skip non existing resourceDirectory C:\Users\chkiran\Google Drive\Acad Gild\Corporate\NewGen Content\WorsSpace\SpringProject\src\test\resources
2016-07-01 16:31:35,456 [Worker-158] WARN  o.e.m.c.i.embedder.EclipseLogger - Using platform encoding (Cp1252 actually) to copy filtered resources, i.e. build is platform dependent!
2016-07-01 16:31:35,458 [Worker-158] INFO  o.e.m.c.i.embedder.EclipseLogger - skip non existing resourceDirectory C:\Users\chkiran\Google Drive\Acad Gild\Corporate\NewGen Content\WorsSpace\SpringProject\src\main\resources
2016-07-01 16:31:35,460 [Worker-158] WARN  o.e.m.c.i.embedder.EclipseLogger - Using platform encoding (Cp1252 actually) to copy filtered resources, i.e. build is platform dependent!
2016-07-01 16:31:35,462 [Worker-158] INFO  o.e.m.c.i.embedder.EclipseLogger - skip non existing resourceDirectory C:\Users\chkiran\Google Drive\Acad Gild\Corporate\NewGen Content\WorsSpace\SpringProject\src\test\resources
2016-07-01 16:31:52,849 [Worker-170] WARN  o.e.m.c.i.embedder.EclipseLogger - Using platform encoding (Cp1252 actually) to copy filtered resources, i.e. build is platform dependent!
2016-07-01 16:31:52,851 [Worker-170] INFO  o.e.m.c.i.embedder.EclipseLogger - skip non existing resourceDirectory C:\Users\chkiran\Google Drive\Acad Gild\Corporate\NewGen Content\WorsSpace\SpringProject\src\main\resources
2016-07-01 16:31:52,853 [Worker-170] WARN  o.e.m.c.i.embedder.EclipseLogger - Using platform encoding (Cp1252 actually) to copy filtered resources, i.e. build is platform dependent!
2016-07-01 16:31:52,858 [Worker-170] INFO  o.e.m.c.i.embedder.EclipseLogger - skip non existing resourceDirectory C:\Users\chkiran\Google Drive\Acad Gild\Corporate\NewGen Content\WorsSpace\SpringProject\src\test\resources
2016-07-01 16:32:11,542 [Worker-170] WARN  o.e.m.c.i.embedder.EclipseLogger - Using platform encoding (Cp1252 actually) to copy filtered resources, i.e. build is platform dependent!
2016-07-01 16:32:11,544 [Worker-170] INFO  o.e.m.c.i.embedder.EclipseLogger - skip non existing resourceDirectory C:\Users\chkiran\Google Drive\Acad Gild\Corporate\NewGen Content\WorsSpace\SpringProject\src\main\resources
2016-07-01 16:32:11,547 [Worker-170] WARN  o.e.m.c.i.embedder.EclipseLogger - Using platform encoding (Cp1252 actually) to copy filtered resources, i.e. build is platform dependent!
2016-07-01 16:32:11,550 [Worker-170] INFO  o.e.m.c.i.embedder.EclipseLogger - skip non existing resourceDirectory C:\Users\chkiran\Google Drive\Acad Gild\Corporate\NewGen Content\WorsSpace\SpringProject\src\test\resources
2016-07-01 16:32:43,406 [Worker-170] WARN  o.e.m.c.i.embedder.EclipseLogger - Using platform encoding (Cp1252 actually) to copy filtered resources, i.e. build is platform dependent!
2016-07-01 16:32:43,408 [Worker-170] INFO  o.e.m.c.i.embedder.EclipseLogger - skip non existing resourceDirectory C:\Users\chkiran\Google Drive\Acad Gild\Corporate\NewGen Content\WorsSpace\SpringProject\src\main\resources
2016-07-01 16:32:43,409 [Worker-170] WARN  o.e.m.c.i.embedder.EclipseLogger - Using platform encoding (Cp1252 actually) to copy filtered resources, i.e. build is platform dependent!
2016-07-01 16:32:43,411 [Worker-170] INFO  o.e.m.c.i.embedder.EclipseLogger - skip non existing resourceDirectory C:\Users\chkiran\Google Drive\Acad Gild\Corporate\NewGen Content\WorsSpace\SpringProject\src\test\resources
2016-07-01 16:33:01,377 [Worker-168] WARN  o.e.m.c.i.embedder.EclipseLogger - Using platform encoding (Cp1252 actually) to copy filtered resources, i.e. build is platform dependent!
2016-07-01 16:33:01,380 [Worker-168] INFO  o.e.m.c.i.embedder.EclipseLogger - skip non existing resourceDirectory C:\Users\chkiran\Google Drive\Acad Gild\Corporate\NewGen Content\WorsSpace\SpringProject\src\main\resources
2016-07-01 16:33:01,385 [Worker-168] WARN  o.e.m.c.i.embedder.EclipseLogger - Using platform encoding (Cp1252 actually) to copy filtered resources, i.e. build is platform dependent!
2016-07-01 16:33:01,388 [Worker-168] INFO  o.e.m.c.i.embedder.EclipseLogger - skip non existing resourceDirectory C:\Users\chkiran\Google Drive\Acad Gild\Corporate\NewGen Content\WorsSpace\SpringProject\src\test\resources
2016-07-01 16:33:39,572 [Worker-171] WARN  o.e.m.c.i.embedder.EclipseLogger - Using platform encoding (Cp1252 actually) to copy filtered resources, i.e. build is platform dependent!
2016-07-01 16:33:39,574 [Worker-171] INFO  o.e.m.c.i.embedder.EclipseLogger - skip non existing resourceDirectory C:\Users\chkiran\Google Drive\Acad Gild\Corporate\NewGen Content\WorsSpace\SpringProject\src\main\resources
2016-07-01 16:33:39,576 [Worker-171] WARN  o.e.m.c.i.embedder.EclipseLogger - Using platform encoding (Cp1252 actually) to copy filtered resources, i.e. build is platform dependent!
2016-07-01 16:33:39,581 [Worker-171] INFO  o.e.m.c.i.embedder.EclipseLogger - skip non existing resourceDirectory C:\Users\chkiran\Google Drive\Acad Gild\Corporate\NewGen Content\WorsSpace\SpringProject\src\test\resources
2016-07-01 16:34:22,207 [Worker-170] WARN  o.e.m.c.i.embedder.EclipseLogger - Using platform encoding (Cp1252 actually) to copy filtered resources, i.e. build is platform dependent!
2016-07-01 16:34:22,213 [Worker-170] INFO  o.e.m.c.i.embedder.EclipseLogger - skip non existing resourceDirectory C:\Users\chkiran\Google Drive\Acad Gild\Corporate\NewGen Content\WorsSpace\SpringProject\src\main\resources
2016-07-01 16:34:22,218 [Worker-170] WARN  o.e.m.c.i.embedder.EclipseLogger - Using platform encoding (Cp1252 actually) to copy filtered resources, i.e. build is platform dependent!
2016-07-01 16:34:22,221 [Worker-170] INFO  o.e.m.c.i.embedder.EclipseLogger - skip non existing resourceDirectory C:\Users\chkiran\Google Drive\Acad Gild\Corporate\NewGen Content\WorsSpace\SpringProject\src\test\resources
2016-07-01 16:34:59,378 [Worker-168] WARN  o.e.m.c.i.embedder.EclipseLogger - Using platform encoding (Cp1252 actually) to copy filtered resources, i.e. build is platform dependent!
2016-07-01 16:34:59,380 [Worker-168] INFO  o.e.m.c.i.embedder.EclipseLogger - skip non existing resourceDirectory C:\Users\chkiran\Google Drive\Acad Gild\Corporate\NewGen Content\WorsSpace\SpringProject\src\main\resources
2016-07-01 16:34:59,390 [Worker-168] WARN  o.e.m.c.i.embedder.EclipseLogger - Using platform encoding (Cp1252 actually) to copy filtered resources, i.e. build is platform dependent!
2016-07-01 16:34:59,393 [Worker-168] INFO  o.e.m.c.i.embedder.EclipseLogger - skip non existing resourceDirectory C:\Users\chkiran\Google Drive\Acad Gild\Corporate\NewGen Content\WorsSpace\SpringProject\src\test\resources
2016-07-01 16:35:12,350 [Worker-172] WARN  o.e.m.c.i.embedder.EclipseLogger - Using platform encoding (Cp1252 actually) to copy filtered resources, i.e. build is platform dependent!
2016-07-01 16:35:12,352 [Worker-172] INFO  o.e.m.c.i.embedder.EclipseLogger - skip non existing resourceDirectory C:\Users\chkiran\Google Drive\Acad Gild\Corporate\NewGen Content\WorsSpace\SpringProject\src\main\resources
2016-07-01 16:35:12,354 [Worker-172] WARN  o.e.m.c.i.embedder.EclipseLogger - Using platform encoding (Cp1252 actually) to copy filtered resources, i.e. build is platform dependent!
2016-07-01 16:35:12,355 [Worker-172] INFO  o.e.m.c.i.embedder.EclipseLogger - skip non existing resourceDirectory C:\Users\chkiran\Google Drive\Acad Gild\Corporate\NewGen Content\WorsSpace\SpringProject\src\test\resources
2016-07-01 16:37:46,640 [Worker-169] WARN  o.e.m.c.i.embedder.EclipseLogger - Using platform encoding (Cp1252 actually) to copy filtered resources, i.e. build is platform dependent!
2016-07-01 16:37:46,641 [Worker-169] INFO  o.e.m.c.i.embedder.EclipseLogger - skip non existing resourceDirectory C:\Users\chkiran\Google Drive\Acad Gild\Corporate\NewGen Content\WorsSpace\SpringProject\src\main\resources
2016-07-01 16:37:46,644 [Worker-169] WARN  o.e.m.c.i.embedder.EclipseLogger - Using platform encoding (Cp1252 actually) to copy filtered resources, i.e. build is platform dependent!
2016-07-01 16:37:46,646 [Worker-169] INFO  o.e.m.c.i.embedder.EclipseLogger - skip non existing resourceDirectory C:\Users\chkiran\Google Drive\Acad Gild\Corporate\NewGen Content\WorsSpace\SpringProject\src\test\resources
2016-07-01 16:40:55,675 [Worker-179] WARN  o.e.m.c.i.embedder.EclipseLogger - Using platform encoding (Cp1252 actually) to copy filtered resources, i.e. build is platform dependent!
2016-07-01 16:40:55,676 [Worker-179] INFO  o.e.m.c.i.embedder.EclipseLogger - skip non existing resourceDirectory C:\Users\chkiran\Google Drive\Acad Gild\Corporate\NewGen Content\WorsSpace\SpringProject\src\main\resources
2016-07-01 16:40:55,678 [Worker-179] WARN  o.e.m.c.i.embedder.EclipseLogger - Using platform encoding (Cp1252 actually) to copy filtered resources, i.e. build is platform dependent!
2016-07-01 16:40:55,680 [Worker-179] INFO  o.e.m.c.i.embedder.EclipseLogger - skip non existing resourceDirectory C:\Users\chkiran\Google Drive\Acad Gild\Corporate\NewGen Content\WorsSpace\SpringProject\src\test\resources
2016-07-01 16:41:18,025 [Worker-178] WARN  o.e.m.c.i.embedder.EclipseLogger - Using platform encoding (Cp1252 actually) to copy filtered resources, i.e. build is platform dependent!
2016-07-01 16:41:18,027 [Worker-178] INFO  o.e.m.c.i.embedder.EclipseLogger - skip non existing resourceDirectory C:\Users\chkiran\Google Drive\Acad Gild\Corporate\NewGen Content\WorsSpace\SpringProject\src\main\resources
2016-07-01 16:41:18,029 [Worker-178] WARN  o.e.m.c.i.embedder.EclipseLogger - Using platform encoding (Cp1252 actually) to copy filtered resources, i.e. build is platform dependent!
2016-07-01 16:41:18,031 [Worker-178] INFO  o.e.m.c.i.embedder.EclipseLogger - skip non existing resourceDirectory C:\Users\chkiran\Google Drive\Acad Gild\Corporate\NewGen Content\WorsSpace\SpringProject\src\test\resources
2016-07-01 16:41:47,782 [Worker-171] WARN  o.e.m.c.i.embedder.EclipseLogger - Using platform encoding (Cp1252 actually) to copy filtered resources, i.e. build is platform dependent!
2016-07-01 16:41:47,784 [Worker-171] INFO  o.e.m.c.i.embedder.EclipseLogger - skip non existing resourceDirectory C:\Users\chkiran\Google Drive\Acad Gild\Corporate\NewGen Content\WorsSpace\SpringProject\src\main\resources
2016-07-01 16:41:47,785 [Worker-171] WARN  o.e.m.c.i.embedder.EclipseLogger - Using platform encoding (Cp1252 actually) to copy filtered resources, i.e. build is platform dependent!
2016-07-01 16:41:47,787 [Worker-171] INFO  o.e.m.c.i.embedder.EclipseLogger - skip non existing resourceDirectory C:\Users\chkiran\Google Drive\Acad Gild\Corporate\NewGen Content\WorsSpace\SpringProject\src\test\resources
2016-07-01 16:56:04,991 [Worker-183] WARN  o.e.m.c.i.embedder.EclipseLogger - Using platform encoding (Cp1252 actually) to copy filtered resources, i.e. build is platform dependent!
2016-07-01 16:56:04,994 [Worker-183] INFO  o.e.m.c.i.embedder.EclipseLogger - skip non existing resourceDirectory C:\Users\chkiran\Google Drive\Acad Gild\Corporate\NewGen Content\WorsSpace\SpringProject\src\main\resources
2016-07-01 16:56:04,995 [Worker-183] WARN  o.e.m.c.i.embedder.EclipseLogger - Using platform encoding (Cp1252 actually) to copy filtered resources, i.e. build is platform dependent!
2016-07-01 16:56:04,997 [Worker-183] INFO  o.e.m.c.i.embedder.EclipseLogger - skip non existing resourceDirectory C:\Users\chkiran\Google Drive\Acad Gild\Corporate\NewGen Content\WorsSpace\SpringProject\src\test\resources
2016-07-01 16:56:41,180 [Worker-181] WARN  o.e.m.c.i.embedder.EclipseLogger - Using platform encoding (Cp1252 actually) to copy filtered resources, i.e. build is platform dependent!
2016-07-01 16:56:41,182 [Worker-181] INFO  o.e.m.c.i.embedder.EclipseLogger - skip non existing resourceDirectory C:\Users\chkiran\Google Drive\Acad Gild\Corporate\NewGen Content\WorsSpace\SpringProject\src\main\resources
2016-07-01 16:56:41,184 [Worker-181] WARN  o.e.m.c.i.embedder.EclipseLogger - Using platform encoding (Cp1252 actually) to copy filtered resources, i.e. build is platform dependent!
2016-07-01 16:56:41,187 [Worker-181] INFO  o.e.m.c.i.embedder.EclipseLogger - skip non existing resourceDirectory C:\Users\chkiran\Google Drive\Acad Gild\Corporate\NewGen Content\WorsSpace\SpringProject\src\test\resources
2016-07-01 16:56:43,161 [Worker-182] WARN  o.e.m.c.i.embedder.EclipseLogger - Using platform encoding (Cp1252 actually) to copy filtered resources, i.e. build is platform dependent!
2016-07-01 16:56:43,162 [Worker-182] INFO  o.e.m.c.i.embedder.EclipseLogger - skip non existing resourceDirectory C:\Users\chkiran\Google Drive\Acad Gild\Corporate\NewGen Content\WorsSpace\SpringProject\src\main\resources
2016-07-01 16:56:43,164 [Worker-182] WARN  o.e.m.c.i.embedder.EclipseLogger - Using platform encoding (Cp1252 actually) to copy filtered resources, i.e. build is platform dependent!
2016-07-01 16:56:43,165 [Worker-182] INFO  o.e.m.c.i.embedder.EclipseLogger - skip non existing resourceDirectory C:\Users\chkiran\Google Drive\Acad Gild\Corporate\NewGen Content\WorsSpace\SpringProject\src\test\resources
2016-07-01 16:57:10,947 [Worker-183] WARN  o.e.m.c.i.embedder.EclipseLogger - Using platform encoding (Cp1252 actually) to copy filtered resources, i.e. build is platform dependent!
2016-07-01 16:57:10,954 [Worker-183] INFO  o.e.m.c.i.embedder.EclipseLogger - skip non existing resourceDirectory C:\Users\chkiran\Google Drive\Acad Gild\Corporate\NewGen Content\WorsSpace\SpringProject\src\main\resources
2016-07-01 16:57:10,962 [Worker-183] WARN  o.e.m.c.i.embedder.EclipseLogger - Using platform encoding (Cp1252 actually) to copy filtered resources, i.e. build is platform dependent!
2016-07-01 16:57:10,971 [Worker-183] INFO  o.e.m.c.i.embedder.EclipseLogger - skip non existing resourceDirectory C:\Users\chkiran\Google Drive\Acad Gild\Corporate\NewGen Content\WorsSpace\SpringProject\src\test\resources
2016-07-01 16:57:12,115 [Worker-186] WARN  o.e.m.c.i.embedder.EclipseLogger - Using platform encoding (Cp1252 actually) to copy filtered resources, i.e. build is platform dependent!
2016-07-01 16:57:12,121 [Worker-186] INFO  o.e.m.c.i.embedder.EclipseLogger - skip non existing resourceDirectory C:\Users\chkiran\Google Drive\Acad Gild\Corporate\NewGen Content\WorsSpace\SpringProject\src\main\resources
2016-07-01 16:57:12,125 [Worker-186] WARN  o.e.m.c.i.embedder.EclipseLogger - Using platform encoding (Cp1252 actually) to copy filtered resources, i.e. build is platform dependent!
2016-07-01 16:57:12,128 [Worker-186] INFO  o.e.m.c.i.embedder.EclipseLogger - skip non existing resourceDirectory C:\Users\chkiran\Google Drive\Acad Gild\Corporate\NewGen Content\WorsSpace\SpringProject\src\test\resources
2016-07-01 16:57:19,690 [Worker-186] WARN  o.e.m.c.i.embedder.EclipseLogger - Using platform encoding (Cp1252 actually) to copy filtered resources, i.e. build is platform dependent!
2016-07-01 16:57:19,692 [Worker-186] INFO  o.e.m.c.i.embedder.EclipseLogger - skip non existing resourceDirectory C:\Users\chkiran\Google Drive\Acad Gild\Corporate\NewGen Content\WorsSpace\SpringProject\src\main\resources
2016-07-01 16:57:19,693 [Worker-186] WARN  o.e.m.c.i.embedder.EclipseLogger - Using platform encoding (Cp1252 actually) to copy filtered resources, i.e. build is platform dependent!
2016-07-01 16:57:19,695 [Worker-186] INFO  o.e.m.c.i.embedder.EclipseLogger - skip non existing resourceDirectory C:\Users\chkiran\Google Drive\Acad Gild\Corporate\NewGen Content\WorsSpace\SpringProject\src\test\resources
2016-07-01 16:57:51,717 [Worker-181] WARN  o.e.m.c.i.embedder.EclipseLogger - Using platform encoding (Cp1252 actually) to copy filtered resources, i.e. build is platform dependent!
2016-07-01 16:57:51,719 [Worker-181] INFO  o.e.m.c.i.embedder.EclipseLogger - skip non existing resourceDirectory C:\Users\chkiran\Google Drive\Acad Gild\Corporate\NewGen Content\WorsSpace\SpringProject\src\main\resources
2016-07-01 16:57:51,722 [Worker-181] WARN  o.e.m.c.i.embedder.EclipseLogger - Using platform encoding (Cp1252 actually) to copy filtered resources, i.e. build is platform dependent!
2016-07-01 16:57:51,725 [Worker-181] INFO  o.e.m.c.i.embedder.EclipseLogger - skip non existing resourceDirectory C:\Users\chkiran\Google Drive\Acad Gild\Corporate\NewGen Content\WorsSpace\SpringProject\src\test\resources
2016-07-01 17:01:38,697 [Worker-181] WARN  o.e.m.c.i.embedder.EclipseLogger - Using platform encoding (Cp1252 actually) to copy filtered resources, i.e. build is platform dependent!
2016-07-01 17:01:38,703 [Worker-181] INFO  o.e.m.c.i.embedder.EclipseLogger - skip non existing resourceDirectory C:\Users\chkiran\Google Drive\Acad Gild\Corporate\NewGen Content\WorsSpace\SpringProject\src\main\resources
2016-07-01 17:01:38,717 [Worker-181] WARN  o.e.m.c.i.embedder.EclipseLogger - Using platform encoding (Cp1252 actually) to copy filtered resources, i.e. build is platform dependent!
2016-07-01 17:01:38,725 [Worker-181] INFO  o.e.m.c.i.embedder.EclipseLogger - skip non existing resourceDirectory C:\Users\chkiran\Google Drive\Acad Gild\Corporate\NewGen Content\WorsSpace\SpringProject\src\test\resources
2016-07-01 17:02:20,700 [Worker-191] WARN  o.e.m.c.i.embedder.EclipseLogger - Using platform encoding (Cp1252 actually) to copy filtered resources, i.e. build is platform dependent!
2016-07-01 17:02:20,702 [Worker-191] INFO  o.e.m.c.i.embedder.EclipseLogger - skip non existing resourceDirectory C:\Users\chkiran\Google Drive\Acad Gild\Corporate\NewGen Content\WorsSpace\SpringProject\src\main\resources
2016-07-01 17:02:20,705 [Worker-191] WARN  o.e.m.c.i.embedder.EclipseLogger - Using platform encoding (Cp1252 actually) to copy filtered resources, i.e. build is platform dependent!
2016-07-01 17:02:20,708 [Worker-191] INFO  o.e.m.c.i.embedder.EclipseLogger - skip non existing resourceDirectory C:\Users\chkiran\Google Drive\Acad Gild\Corporate\NewGen Content\WorsSpace\SpringProject\src\test\resources
2016-07-01 17:03:00,768 [Worker-188] WARN  o.e.m.c.i.embedder.EclipseLogger - Using platform encoding (Cp1252 actually) to copy filtered resources, i.e. build is platform dependent!
2016-07-01 17:03:00,774 [Worker-188] INFO  o.e.m.c.i.embedder.EclipseLogger - skip non existing resourceDirectory C:\Users\chkiran\Google Drive\Acad Gild\Corporate\NewGen Content\WorsSpace\SpringProject\src\main\resources
2016-07-01 17:03:00,776 [Worker-188] WARN  o.e.m.c.i.embedder.EclipseLogger - Using platform encoding (Cp1252 actually) to copy filtered resources, i.e. build is platform dependent!
2016-07-01 17:03:00,778 [Worker-188] INFO  o.e.m.c.i.embedder.EclipseLogger - skip non existing resourceDirectory C:\Users\chkiran\Google Drive\Acad Gild\Corporate\NewGen Content\WorsSpace\SpringProject\src\test\resources
2016-07-01 17:03:30,187 [Worker-188] WARN  o.e.m.c.i.embedder.EclipseLogger - Using platform encoding (Cp1252 actually) to copy filtered resources, i.e. build is platform dependent!
2016-07-01 17:03:30,190 [Worker-188] INFO  o.e.m.c.i.embedder.EclipseLogger - skip non existing resourceDirectory C:\Users\chkiran\Google Drive\Acad Gild\Corporate\NewGen Content\WorsSpace\SpringProject\src\main\resources
2016-07-01 17:03:30,192 [Worker-188] WARN  o.e.m.c.i.embedder.EclipseLogger - Using platform encoding (Cp1252 actually) to copy filtered resources, i.e. build is platform dependent!
2016-07-01 17:03:30,193 [Worker-188] INFO  o.e.m.c.i.embedder.EclipseLogger - skip non existing resourceDirectory C:\Users\chkiran\Google Drive\Acad Gild\Corporate\NewGen Content\WorsSpace\SpringProject\src\test\resources
2016-07-01 17:03:40,296 [Worker-192] WARN  o.e.m.c.i.embedder.EclipseLogger - Using platform encoding (Cp1252 actually) to copy filtered resources, i.e. build is platform dependent!
2016-07-01 17:03:40,298 [Worker-192] INFO  o.e.m.c.i.embedder.EclipseLogger - skip non existing resourceDirectory C:\Users\chkiran\Google Drive\Acad Gild\Corporate\NewGen Content\WorsSpace\SpringProject\src\main\resources
2016-07-01 17:03:40,303 [Worker-192] WARN  o.e.m.c.i.embedder.EclipseLogger - Using platform encoding (Cp1252 actually) to copy filtered resources, i.e. build is platform dependent!
2016-07-01 17:03:40,305 [Worker-192] INFO  o.e.m.c.i.embedder.EclipseLogger - skip non existing resourceDirectory C:\Users\chkiran\Google Drive\Acad Gild\Corporate\NewGen Content\WorsSpace\SpringProject\src\test\resources
2016-07-01 17:04:12,495 [Worker-184] WARN  o.e.m.c.i.embedder.EclipseLogger - Using platform encoding (Cp1252 actually) to copy filtered resources, i.e. build is platform dependent!
2016-07-01 17:04:12,498 [Worker-184] INFO  o.e.m.c.i.embedder.EclipseLogger - skip non existing resourceDirectory C:\Users\chkiran\Google Drive\Acad Gild\Corporate\NewGen Content\WorsSpace\SpringProject\src\main\resources
2016-07-01 17:04:12,508 [Worker-184] WARN  o.e.m.c.i.embedder.EclipseLogger - Using platform encoding (Cp1252 actually) to copy filtered resources, i.e. build is platform dependent!
2016-07-01 17:04:12,517 [Worker-184] INFO  o.e.m.c.i.embedder.EclipseLogger - skip non existing resourceDirectory C:\Users\chkiran\Google Drive\Acad Gild\Corporate\NewGen Content\WorsSpace\SpringProject\src\test\resources
2016-07-01 17:05:01,042 [Worker-190] WARN  o.e.m.c.i.embedder.EclipseLogger - Using platform encoding (Cp1252 actually) to copy filtered resources, i.e. build is platform dependent!
2016-07-01 17:05:01,044 [Worker-190] INFO  o.e.m.c.i.embedder.EclipseLogger - skip non existing resourceDirectory C:\Users\chkiran\Google Drive\Acad Gild\Corporate\NewGen Content\WorsSpace\SpringProject\src\main\resources
2016-07-01 17:05:01,046 [Worker-190] WARN  o.e.m.c.i.embedder.EclipseLogger - Using platform encoding (Cp1252 actually) to copy filtered resources, i.e. build is platform dependent!
2016-07-01 17:05:01,052 [Worker-190] INFO  o.e.m.c.i.embedder.EclipseLogger - skip non existing resourceDirectory C:\Users\chkiran\Google Drive\Acad Gild\Corporate\NewGen Content\WorsSpace\SpringProject\src\test\resources
2016-07-01 17:05:19,196 [Worker-184] WARN  o.e.m.c.i.embedder.EclipseLogger - Using platform encoding (Cp1252 actually) to copy filtered resources, i.e. build is platform dependent!
2016-07-01 17:05:19,198 [Worker-184] INFO  o.e.m.c.i.embedder.EclipseLogger - skip non existing resourceDirectory C:\Users\chkiran\Google Drive\Acad Gild\Corporate\NewGen Content\WorsSpace\SpringProject\src\main\resources
2016-07-01 17:05:19,201 [Worker-184] WARN  o.e.m.c.i.embedder.EclipseLogger - Using platform encoding (Cp1252 actually) to copy filtered resources, i.e. build is platform dependent!
2016-07-01 17:05:19,203 [Worker-184] INFO  o.e.m.c.i.embedder.EclipseLogger - skip non existing resourceDirectory C:\Users\chkiran\Google Drive\Acad Gild\Corporate\NewGen Content\WorsSpace\SpringProject\src\test\resources
2016-07-01 17:05:45,670 [Worker-190] WARN  o.e.m.c.i.embedder.EclipseLogger - Using platform encoding (Cp1252 actually) to copy filtered resources, i.e. build is platform dependent!
2016-07-01 17:05:45,672 [Worker-190] INFO  o.e.m.c.i.embedder.EclipseLogger - skip non existing resourceDirectory C:\Users\chkiran\Google Drive\Acad Gild\Corporate\NewGen Content\WorsSpace\SpringProject\src\main\resources
2016-07-01 17:05:45,677 [Worker-190] WARN  o.e.m.c.i.embedder.EclipseLogger - Using platform encoding (Cp1252 actually) to copy filtered resources, i.e. build is platform dependent!
2016-07-01 17:05:45,682 [Worker-190] INFO  o.e.m.c.i.embedder.EclipseLogger - skip non existing resourceDirectory C:\Users\chkiran\Google Drive\Acad Gild\Corporate\NewGen Content\WorsSpace\SpringProject\src\test\resources
2016-07-01 17:06:06,800 [Worker-192] WARN  o.e.m.c.i.embedder.EclipseLogger - Using platform encoding (Cp1252 actually) to copy filtered resources, i.e. build is platform dependent!
2016-07-01 17:06:06,812 [Worker-192] INFO  o.e.m.c.i.embedder.EclipseLogger - skip non existing resourceDirectory C:\Users\chkiran\Google Drive\Acad Gild\Corporate\NewGen Content\WorsSpace\SpringProject\src\main\resources
2016-07-01 17:06:06,814 [Worker-192] WARN  o.e.m.c.i.embedder.EclipseLogger - Using platform encoding (Cp1252 actually) to copy filtered resources, i.e. build is platform dependent!
2016-07-01 17:06:06,817 [Worker-192] INFO  o.e.m.c.i.embedder.EclipseLogger - skip non existing resourceDirectory C:\Users\chkiran\Google Drive\Acad Gild\Corporate\NewGen Content\WorsSpace\SpringProject\src\test\resources
2016-07-01 17:07:04,450 [Worker-189] WARN  o.e.m.c.i.embedder.EclipseLogger - Using platform encoding (Cp1252 actually) to copy filtered resources, i.e. build is platform dependent!
2016-07-01 17:07:04,453 [Worker-189] INFO  o.e.m.c.i.embedder.EclipseLogger - skip non existing resourceDirectory C:\Users\chkiran\Google Drive\Acad Gild\Corporate\NewGen Content\WorsSpace\SpringProject\src\main\resources
2016-07-01 17:07:04,456 [Worker-189] WARN  o.e.m.c.i.embedder.EclipseLogger - Using platform encoding (Cp1252 actually) to copy filtered resources, i.e. build is platform dependent!
2016-07-01 17:07:04,460 [Worker-189] INFO  o.e.m.c.i.embedder.EclipseLogger - skip non existing resourceDirectory C:\Users\chkiran\Google Drive\Acad Gild\Corporate\NewGen Content\WorsSpace\SpringProject\src\test\resources
2016-07-01 17:07:08,427 [Worker-189] WARN  o.e.m.c.i.embedder.EclipseLogger - Using platform encoding (Cp1252 actually) to copy filtered resources, i.e. build is platform dependent!
2016-07-01 17:07:08,429 [Worker-189] INFO  o.e.m.c.i.embedder.EclipseLogger - skip non existing resourceDirectory C:\Users\chkiran\Google Drive\Acad Gild\Corporate\NewGen Content\WorsSpace\SpringProject\src\main\resources
2016-07-01 17:07:08,433 [Worker-189] WARN  o.e.m.c.i.embedder.EclipseLogger - Using platform encoding (Cp1252 actually) to copy filtered resources, i.e. build is platform dependent!
2016-07-01 17:07:08,436 [Worker-189] INFO  o.e.m.c.i.embedder.EclipseLogger - skip non existing resourceDirectory C:\Users\chkiran\Google Drive\Acad Gild\Corporate\NewGen Content\WorsSpace\SpringProject\src\test\resources
2016-07-01 17:07:32,404 [Worker-189] WARN  o.e.m.c.i.embedder.EclipseLogger - Using platform encoding (Cp1252 actually) to copy filtered resources, i.e. build is platform dependent!
2016-07-01 17:07:32,408 [Worker-189] INFO  o.e.m.c.i.embedder.EclipseLogger - skip non existing resourceDirectory C:\Users\chkiran\Google Drive\Acad Gild\Corporate\NewGen Content\WorsSpace\SpringProject\src\main\resources
2016-07-01 17:07:32,410 [Worker-189] WARN  o.e.m.c.i.embedder.EclipseLogger - Using platform encoding (Cp1252 actually) to copy filtered resources, i.e. build is platform dependent!
2016-07-01 17:07:32,412 [Worker-189] INFO  o.e.m.c.i.embedder.EclipseLogger - skip non existing resourceDirectory C:\Users\chkiran\Google Drive\Acad Gild\Corporate\NewGen Content\WorsSpace\SpringProject\src\test\resources
2016-07-01 17:07:46,296 [Worker-181] WARN  o.e.m.c.i.embedder.EclipseLogger - Using platform encoding (Cp1252 actually) to copy filtered resources, i.e. build is platform dependent!
2016-07-01 17:07:46,298 [Worker-181] INFO  o.e.m.c.i.embedder.EclipseLogger - skip non existing resourceDirectory C:\Users\chkiran\Google Drive\Acad Gild\Corporate\NewGen Content\WorsSpace\SpringProject\src\main\resources
2016-07-01 17:07:46,300 [Worker-181] WARN  o.e.m.c.i.embedder.EclipseLogger - Using platform encoding (Cp1252 actually) to copy filtered resources, i.e. build is platform dependent!
2016-07-01 17:07:46,302 [Worker-181] INFO  o.e.m.c.i.embedder.EclipseLogger - skip non existing resourceDirectory C:\Users\chkiran\Google Drive\Acad Gild\Corporate\NewGen Content\WorsSpace\SpringProject\src\test\resources
2016-07-01 17:07:57,389 [Worker-191] WARN  o.e.m.c.i.embedder.EclipseLogger - Using platform encoding (Cp1252 actually) to copy filtered resources, i.e. build is platform dependent!
2016-07-01 17:07:57,392 [Worker-191] INFO  o.e.m.c.i.embedder.EclipseLogger - skip non existing resourceDirectory C:\Users\chkiran\Google Drive\Acad Gild\Corporate\NewGen Content\WorsSpace\SpringProject\src\main\resources
2016-07-01 17:07:57,394 [Worker-191] WARN  o.e.m.c.i.embedder.EclipseLogger - Using platform encoding (Cp1252 actually) to copy filtered resources, i.e. build is platform dependent!
2016-07-01 17:07:57,397 [Worker-191] INFO  o.e.m.c.i.embedder.EclipseLogger - skip non existing resourceDirectory C:\Users\chkiran\Google Drive\Acad Gild\Corporate\NewGen Content\WorsSpace\SpringProject\src\test\resources
2016-07-05 14:47:46,957 [Worker-861] WARN  o.e.m.c.i.embedder.EclipseLogger - Using platform encoding (Cp1252 actually) to copy filtered resources, i.e. build is platform dependent!
2016-07-05 14:47:46,997 [Worker-861] INFO  o.e.m.c.i.embedder.EclipseLogger - skip non existing resourceDirectory C:\Users\chkiran\Google Drive\Acad Gild\Corporate\NewGen Content\WorsSpace\SpringProject\src\main\resources
2016-07-05 14:47:47,007 [Worker-861] WARN  o.e.m.c.i.embedder.EclipseLogger - Using platform encoding (Cp1252 actually) to copy filtered resources, i.e. build is platform dependent!
2016-07-05 14:47:47,008 [Worker-861] INFO  o.e.m.c.i.embedder.EclipseLogger - skip non existing resourceDirectory C:\Users\chkiran\Google Drive\Acad Gild\Corporate\NewGen Content\WorsSpace\SpringProject\src\test\resources
2016-07-05 14:47:54,976 [Worker-857] WARN  o.e.m.c.i.embedder.EclipseLogger - Using platform encoding (Cp1252 actually) to copy filtered resources, i.e. build is platform dependent!
2016-07-05 14:47:54,978 [Worker-857] INFO  o.e.m.c.i.embedder.EclipseLogger - skip non existing resourceDirectory C:\Users\chkiran\Google Drive\Acad Gild\Corporate\NewGen Content\WorsSpace\SpringProject\src\main\resources
2016-07-05 14:47:54,981 [Worker-857] WARN  o.e.m.c.i.embedder.EclipseLogger - Using platform encoding (Cp1252 actually) to copy filtered resources, i.e. build is platform dependent!
2016-07-05 14:47:54,983 [Worker-857] INFO  o.e.m.c.i.embedder.EclipseLogger - skip non existing resourceDirectory C:\Users\chkiran\Google Drive\Acad Gild\Corporate\NewGen Content\WorsSpace\SpringProject\src\test\resources
2016-07-05 15:06:37,581 [Worker-871] WARN  o.e.m.c.i.embedder.EclipseLogger - Using platform encoding (Cp1252 actually) to copy filtered resources, i.e. build is platform dependent!
2016-07-05 15:06:37,600 [Worker-871] INFO  o.e.m.c.i.embedder.EclipseLogger - skip non existing resourceDirectory C:\Users\chkiran\Google Drive\Acad Gild\Corporate\NewGen Content\WorsSpace\SpringProject\src\main\resources
2016-07-05 15:06:37,610 [Worker-871] WARN  o.e.m.c.i.embedder.EclipseLogger - Using platform encoding (Cp1252 actually) to copy filtered resources, i.e. build is platform dependent!
2016-07-05 15:06:37,614 [Worker-871] INFO  o.e.m.c.i.embedder.EclipseLogger - skip non existing resourceDirectory C:\Users\chkiran\Google Drive\Acad Gild\Corporate\NewGen Content\WorsSpace\SpringProject\src\test\resources
